  时长.cpp
C:\Users\zhangjiahao\Desktop\u校园自助时长\lianxi\function.h(32,17): warning C4244: “初始化”: 从“double”转换到“float”，可能丢失数据
  (编译源文件“时长.cpp”)
  
C:\Users\zhangjiahao\Desktop\u校园自助时长\lianxi\function.h(59,5): warning C4996: 'scanf': This function or variable may be unsafe. Consider using scanf_s instead. To disable deprecation, use _CRT_SECURE_NO_WARNINGS. See online help for details.
  (编译源文件“时长.cpp”)
  
C:\Users\zhangjiahao\Desktop\u校园自助时长\lianxi\download.h(51,14): warning C4996: 'fopen': This function or variable may be unsafe. Consider using fopen_s instead. To disable deprecation, use _CRT_SECURE_NO_WARNINGS. See online help for details.
  (编译源文件“时长.cpp”)
  
C:\Users\zhangjiahao\Desktop\u校园自助时长\lianxi\gn.h(37,13): warning C4996: 'strdup': The POSIX name for this item is deprecated. Instead, use the ISO C and C++ conformant name: _strdup. See online help for details.
  (编译源文件“时长.cpp”)
  
C:\Users\zhangjiahao\Desktop\u校园自助时长\lianxi\gn.h(47,12): warning C4996: 'strdup': The POSIX name for this item is deprecated. Instead, use the ISO C and C++ conformant name: _strdup. See online help for details.
  (编译源文件“时长.cpp”)
  
C:\Users\zhangjiahao\Desktop\u校园自助时长\lianxi\gn.h(56,14): warning C4996: 'strdup': The POSIX name for this item is deprecated. Instead, use the ISO C and C++ conformant name: _strdup. See online help for details.
  (编译源文件“时长.cpp”)
  
C:\Users\zhangjiahao\Desktop\u校园自助时长\lianxi\gn.h(78,28): warning C4101: “e”: 未引用的局部变量
  (编译源文件“时长.cpp”)
  
C:\Users\zhangjiahao\Desktop\u校园自助时长\lianxi\gn.h(225,9): warning C4996: 'scanf': This function or variable may be unsafe. Consider using scanf_s instead. To disable deprecation, use _CRT_SECURE_NO_WARNINGS. See online help for details.
  (编译源文件“时长.cpp”)
  
C:\Users\zhangjiahao\Desktop\u校园自助时长\lianxi\menu.h(43,2): warning C4996: 'scanf': This function or variable may be unsafe. Consider using scanf_s instead. To disable deprecation, use _CRT_SECURE_NO_WARNINGS. See online help for details.
  (编译源文件“时长.cpp”)
  
C:\Users\zhangjiahao\Desktop\u校园自助时长\lianxi\xz.h(46,3): warning C4996: 'scanf': This function or variable may be unsafe. Consider using scanf_s instead. To disable deprecation, use _CRT_SECURE_NO_WARNINGS. See online help for details.
  (编译源文件“时长.cpp”)
  
  lianxi.vcxproj -> C:\Users\zhangjiahao\Desktop\u校园自助时长\Debug\u校园自助时长.exe
